e:\oop_kpi_2course\lab2\x64\debug\vc143.pdb
e:\oop_kpi_2course\lab2\x64\debug\vc143.idb
e:\oop_kpi_2course\lab2\x64\debug\shape.obj
e:\oop_kpi_2course\lab2\x64\debug\editor.obj
e:\oop_kpi_2course\lab2\x64\debug\shape_editor.obj
e:\oop_kpi_2course\lab2\x64\debug\shapeeditor.obj
e:\oop_kpi_2course\lab2\x64\debug\lab2.obj
e:\oop_kpi_2course\lab2\x64\debug\rect_shape.obj
e:\oop_kpi_2course\lab2\x64\debug\point_shape.obj
e:\oop_kpi_2course\lab2\x64\debug\line_shape.obj
e:\oop_kpi_2course\lab2\x64\debug\ellipse_shape.obj
e:\oop_kpi_2course\lab2\x64\debug\rect_editor.obj
e:\oop_kpi_2course\lab2\x64\debug\point_editor.obj
e:\oop_kpi_2course\lab2\x64\debug\line_editor.obj
e:\oop_kpi_2course\lab2\x64\debug\ellipse_editor.obj
e:\kpi\oop\labs\lab3\x64\debug\vc143.pdb
e:\kpi\oop\labs\lab3\x64\debug\vc143.idb
e:\kpi\oop\labs\lab3\x64\debug\shape_editor.obj
e:\kpi\oop\labs\lab3\x64\debug\shape.obj
e:\kpi\oop\labs\lab3\x64\debug\rect_shape.obj
e:\kpi\oop\labs\lab3\x64\debug\rect_editor.obj
e:\kpi\oop\labs\lab3\x64\debug\point_shape.obj
e:\kpi\oop\labs\lab3\x64\debug\point_editor.obj
e:\kpi\oop\labs\lab3\x64\debug\line_shape.obj
e:\kpi\oop\labs\lab3\x64\debug\line_editor.obj
e:\kpi\oop\labs\lab3\x64\debug\ellipse_shape.obj
e:\kpi\oop\labs\lab3\x64\debug\ellipse_editor.obj
e:\kpi\oop\labs\lab3\x64\debug\shapeeditor.obj
e:\kpi\oop\labs\lab3\x64\debug\lab2.obj
e:\kpi\oop\labs\lab3\x64\debug\toolbar.obj
e:\kpi\oop\labs\lab4\x64\debug\vc143.pdb
e:\kpi\oop\labs\lab4\x64\debug\vc143.idb
e:\kpi\oop\labs\lab4\x64\debug\toolbar.obj
e:\kpi\oop\labs\lab4\x64\debug\shape_editor.obj
e:\kpi\oop\labs\lab4\x64\debug\shape.obj
e:\kpi\oop\labs\lab4\x64\debug\rect_shape.obj
e:\kpi\oop\labs\lab4\x64\debug\rect_editor.obj
e:\kpi\oop\labs\lab4\x64\debug\point_shape.obj
e:\kpi\oop\labs\lab4\x64\debug\point_editor.obj
e:\kpi\oop\labs\lab4\x64\debug\line_shape.obj
e:\kpi\oop\labs\lab4\x64\debug\line_editor.obj
e:\kpi\oop\labs\lab4\x64\debug\lab2.obj
e:\kpi\oop\labs\lab4\x64\debug\ellipse_shape.obj
e:\kpi\oop\labs\lab4\x64\debug\ellipse_editor.obj
e:\kpi\oop\labs\lab4\x64\debug\shapeeditor.obj
e:\kpi\oop\labs\lab4\x64\debug\myeditor.obj
e:\kpi\oop\labs\lab4\x64\debug\cube_shape.obj
e:\kpi\oop\labs\lab4\x64\debug\lineoo_shape.obj
e:\kpi\oop\labs\lab5\x64\debug\vc143.pdb
e:\kpi\oop\labs\lab5\x64\debug\vc143.idb
e:\kpi\oop\labs\lab5\x64\debug\toolbar.obj
e:\kpi\oop\labs\lab5\x64\debug\myeditor.obj
e:\kpi\oop\labs\lab5\x64\debug\shape.obj
e:\kpi\oop\labs\lab5\x64\debug\rect_shape.obj
e:\kpi\oop\labs\lab5\x64\debug\point_shape.obj
e:\kpi\oop\labs\lab5\x64\debug\my_table.obj
e:\kpi\oop\labs\lab5\x64\debug\line_shape.obj
e:\kpi\oop\labs\lab5\x64\debug\lineoo_shape.obj
e:\kpi\oop\labs\lab5\x64\debug\lab2.obj
e:\kpi\oop\labs\lab5\x64\debug\ellipse_shape.obj
e:\kpi\oop\labs\lab5\x64\debug\cube_shape.obj
e:\oop_kpi_2course\lab2\x64\debug\lab2.exe
e:\oop_kpi_2course\lab2\x64\debug\lab2.ilk
e:\oop_kpi_2course\lab2\x64\debug\lab2.pdb
e:\kpi\oop\labs\lab3\x64\debug\lab2.exe
e:\kpi\oop\labs\lab3\x64\debug\lab2.ilk
e:\kpi\oop\labs\lab3\x64\debug\lab2.pdb
e:\kpi\oop\labs\lab4\x64\debug\lab2.exe
e:\kpi\oop\labs\lab4\x64\debug\lab2.ilk
e:\kpi\oop\labs\lab4\x64\debug\lab2.pdb
e:\kpi\oop\labs\lab5\x64\debug\lab2.exe
e:\kpi\oop\labs\lab5\x64\debug\lab2.ilk
e:\kpi\oop\labs\lab5\x64\debug\lab2.pdb
e:\oop_kpi_2course\lab2\x64\debug\lab2.res
e:\kpi\oop\labs\lab3\x64\debug\lab2.res
e:\kpi\oop\labs\lab3\x64\debug\toolbar.res
e:\kpi\oop\labs\lab4\x64\debug\lab2.res
e:\kpi\oop\labs\lab4\x64\debug\toolbar.res
e:\kpi\oop\labs\lab5\x64\debug\lab2.res
e:\kpi\oop\labs\lab5\x64\debug\my_table.res
e:\kpi\oop\labs\lab5\x64\debug\toolbar.res
e:\kpi\oop\labs\lab5\x64\debug\editor.obj
e:\kpi\oop\labs\lab5\x64\debug\ellipse_editor.obj
e:\kpi\oop\labs\lab5\x64\debug\line_editor.obj
e:\kpi\oop\labs\lab5\x64\debug\point_editor.obj
e:\kpi\oop\labs\lab5\x64\debug\rect_editor.obj
e:\kpi\oop\labs\lab5\x64\debug\shapeeditor.obj
e:\kpi\oop\labs\lab5\x64\debug\shape_editor.obj
e:\kpi\oop\labs\lab5\x64\debug\ellipse_editor.new.obj.enc
e:\kpi\oop\labs\lab5\x64\debug\line_editor.new.obj.enc
e:\kpi\oop\labs\lab5\x64\debug\myeditor.obj.enc
e:\kpi\oop\labs\lab5\x64\debug\point_editor.new.obj.enc
e:\kpi\oop\labs\lab5\x64\debug\rect_editor.new.obj.enc
e:\kpi\oop\labs\lab5\x64\debug\shapeeditor.new.obj.enc
e:\kpi\oop\labs\lab5\x64\debug\shape_editor.new.obj.enc
e:\kpi\oop\labs\lab5\x64\debug\lab2.tlog\cl.command.1.tlog
e:\kpi\oop\labs\lab5\x64\debug\lab2.tlog\cl.read.1.tlog
e:\kpi\oop\labs\lab5\x64\debug\lab2.tlog\cl.write.1.tlog
e:\kpi\oop\labs\lab5\x64\debug\lab2.tlog\link.command.1.tlog
e:\kpi\oop\labs\lab5\x64\debug\lab2.tlog\link.read.1.tlog
e:\kpi\oop\labs\lab5\x64\debug\lab2.tlog\link.write.1.tlog
e:\kpi\oop\labs\lab5\x64\debug\lab2.tlog\rc.command.1.tlog
e:\kpi\oop\labs\lab5\x64\debug\lab2.tlog\rc.read.1.tlog
e:\kpi\oop\labs\lab5\x64\debug\lab2.tlog\rc.write.1.tlog
